0 info it worked if it ends with ok
1 verbose cli [ 'node', '/usr/local/bin/npm', 'install', '-g', 'nib' ]
2 info using npm@1.4.28
3 info using node@v0.10.33
4 verbose cache add [ 'nib', null ]
5 verbose cache add name=undefined spec="nib" args=["nib",null]
6 verbose parsed url { protocol: null,
6 verbose parsed url   slashes: null,
6 verbose parsed url   auth: null,
6 verbose parsed url   host: null,
6 verbose parsed url   port: null,
6 verbose parsed url   hostname: null,
6 verbose parsed url   hash: null,
6 verbose parsed url   search: null,
6 verbose parsed url   query: null,
6 verbose parsed url   pathname: 'nib',
6 verbose parsed url   path: 'nib',
6 verbose parsed url   href: 'nib' }
7 silly lockFile ae909a05-nib nib
8 verbose lock nib /Users/acg/.npm/ae909a05-nib.lock
9 silly lockFile ae909a05-nib nib
10 silly lockFile ae909a05-nib nib
11 verbose addNamed [ 'nib', '' ]
12 verbose addNamed [ null, '*' ]
13 silly lockFile 30a48e40-nib nib@
14 verbose lock nib@ /Users/acg/.npm/30a48e40-nib.lock
15 silly addNameRange { name: 'nib', range: '*', hasData: false }
16 verbose request where is /nib
17 verbose request registry https://registry.npmjs.org/
18 verbose request id 3ae73dd4f4d8a599
19 verbose url raw /nib
20 verbose url resolving [ 'https://registry.npmjs.org/', './nib' ]
21 verbose url resolved https://registry.npmjs.org/nib
22 verbose request where is https://registry.npmjs.org/nib
23 info trying registry request attempt 1 at 16:59:31
24 http GET https://registry.npmjs.org/nib
25 http 200 https://registry.npmjs.org/nib
26 silly registry.get cb [ 200,
26 silly registry.get   { date: 'Sun, 16 Nov 2014 15:59:32 GMT',
26 silly registry.get     server: 'CouchDB/1.5.0 (Erlang OTP/R16B03)',
26 silly registry.get     etag: '"1BYA68M644U6LXVV2NG9AQ9AW"',
26 silly registry.get     'content-type': 'application/json',
26 silly registry.get     'cache-control': 'max-age=60',
26 silly registry.get     'content-length': '25399',
26 silly registry.get     'accept-ranges': 'bytes',
26 silly registry.get     via: '1.1 varnish',
26 silly registry.get     age: '39',
26 silly registry.get     'x-served-by': 'cache-ams4125-AMS',
26 silly registry.get     'x-cache': 'HIT',
26 silly registry.get     'x-cache-hits': '1',
26 silly registry.get     'x-timer': 'S1416153572.485411,VS0,VE0',
26 silly registry.get     vary: 'Accept',
26 silly registry.get     'keep-alive': 'timeout=10, max=50',
26 silly registry.get     connection: 'Keep-Alive' } ]
27 silly addNameRange number 2 { name: 'nib', range: '*', hasData: true }
28 silly addNameRange versions [ 'nib',
28 silly addNameRange   [ '0.0.1',
28 silly addNameRange     '0.0.2',
28 silly addNameRange     '0.0.3',
28 silly addNameRange     '0.0.4',
28 silly addNameRange     '0.0.5',
28 silly addNameRange     '0.0.6',
28 silly addNameRange     '0.0.7',
28 silly addNameRange     '0.0.8',
28 silly addNameRange     '0.1.0',
28 silly addNameRange     '0.2.0',
28 silly addNameRange     '0.3.0',
28 silly addNameRange     '0.3.1',
28 silly addNameRange     '0.3.2',
28 silly addNameRange     '0.4.0',
28 silly addNameRange     '0.4.1',
28 silly addNameRange     '0.5.0',
28 silly addNameRange     '0.6.0',
28 silly addNameRange     '0.7.0',
28 silly addNameRange     '0.7.1',
28 silly addNameRange     '0.8.1',
28 silly addNameRange     '0.8.2',
28 silly addNameRange     '0.9.0',
28 silly addNameRange     '0.9.1',
28 silly addNameRange     '0.9.2',
28 silly addNameRange     '1.0.0',
28 silly addNameRange     '1.0.1',
28 silly addNameRange     '1.0.2',
28 silly addNameRange     '1.0.3',
28 silly addNameRange     '1.0.4' ] ]
29 verbose addNamed [ 'nib', '1.0.4' ]
30 verbose addNamed [ '1.0.4', '1.0.4' ]
31 silly lockFile 2ad8dc96-nib-1-0-4 nib@1.0.4
32 verbose lock nib@1.0.4 /Users/acg/.npm/2ad8dc96-nib-1-0-4.lock
33 silly lockFile a5a39cc6-stry-npmjs-org-nib-nib-1-0-4-tgz https://registry.npmjs.org/nib/-/nib-1.0.4.tgz
34 verbose lock https://registry.npmjs.org/nib/-/nib-1.0.4.tgz /Users/acg/.npm/a5a39cc6-stry-npmjs-org-nib-nib-1-0-4-tgz.lock
35 verbose addRemoteTarball [ 'https://registry.npmjs.org/nib/-/nib-1.0.4.tgz',
35 verbose addRemoteTarball   '03d397c27a231f3c9a5a190eaa68e5d79e2f0345' ]
36 info retry fetch attempt 1 at 16:59:32
37 verbose fetch to= /var/folders/86/nq21_tj51772zm65dz146x4h0000gn/T/npm-72482-WaIuYDRY/registry.npmjs.org/nib/-/nib-1.0.4.tgz
38 http GET https://registry.npmjs.org/nib/-/nib-1.0.4.tgz
39 http 200 https://registry.npmjs.org/nib/-/nib-1.0.4.tgz
40 silly lockFile a5a39cc6-stry-npmjs-org-nib-nib-1-0-4-tgz https://registry.npmjs.org/nib/-/nib-1.0.4.tgz
41 silly lockFile a5a39cc6-stry-npmjs-org-nib-nib-1-0-4-tgz https://registry.npmjs.org/nib/-/nib-1.0.4.tgz
42 silly lockFile 2ad8dc96-nib-1-0-4 nib@1.0.4
43 silly lockFile 2ad8dc96-nib-1-0-4 nib@1.0.4
44 silly lockFile 30a48e40-nib nib@
45 silly lockFile 30a48e40-nib nib@
46 silly resolved [ { name: 'nib',
46 silly resolved     description: 'Stylus mixins and utilities',
46 silly resolved     version: '1.0.4',
46 silly resolved     license: 'MIT',
46 silly resolved     repository: { type: 'git', url: 'git://github.com/visionmedia/nib.git' },
46 silly resolved     dependencies: { stylus: '0.45.x' },
46 silly resolved     devDependencies: { connect: '1.x', jade: '0.22.0', mocha: '*', should: '*' },
46 silly resolved     author: { name: 'TJ Holowaychuk', email: 'tj@vision-media.ca' },
46 silly resolved     main: 'lib/nib.js',
46 silly resolved     engines: { node: '*' },
46 silly resolved     scripts: { test: 'mocha', 'test-server': 'node test/server.js' },
46 silly resolved     gitHead: '93f383933ddeace01e5a2e65fb97f3479b6a775a',
46 silly resolved     bugs: { url: 'https://github.com/visionmedia/nib/issues' },
46 silly resolved     homepage: 'https://github.com/visionmedia/nib',
46 silly resolved     _id: 'nib@1.0.4',
46 silly resolved     _shasum: '03d397c27a231f3c9a5a190eaa68e5d79e2f0345',
46 silly resolved     _from: 'nib@',
46 silly resolved     _npmVersion: '1.4.28',
46 silly resolved     _npmUser: { name: 'slang800', email: 'slang800@gmail.com' },
46 silly resolved     maintainers: [ [Object], [Object] ],
46 silly resolved     dist:
46 silly resolved      { shasum: '03d397c27a231f3c9a5a190eaa68e5d79e2f0345',
46 silly resolved        tarball: 'http://registry.npmjs.org/nib/-/nib-1.0.4.tgz' },
46 silly resolved     directories: {},
46 silly resolved     _resolved: 'https://registry.npmjs.org/nib/-/nib-1.0.4.tgz' } ]
47 info install nib@1.0.4 into /usr/local/lib
48 info installOne nib@1.0.4
49 verbose lib/node_modules/nib unbuild
50 verbose tar unpack /Users/acg/.npm/nib/1.0.4/package.tgz
51 silly lockFile 55e836be-r-usr-local-lib-node-modules-nib tar:///usr/local/lib/node_modules/nib
52 verbose lock tar:///usr/local/lib/node_modules/nib /Users/acg/.npm/55e836be-r-usr-local-lib-node-modules-nib.lock
53 silly lockFile 7e3538ae-rs-acg-npm-nib-1-0-4-package-tgz tar:///Users/acg/.npm/nib/1.0.4/package.tgz
54 verbose lock tar:///Users/acg/.npm/nib/1.0.4/package.tgz /Users/acg/.npm/7e3538ae-rs-acg-npm-nib-1-0-4-package-tgz.lock
55 silly gunzTarPerm modes [ '755', '644' ]
56 error Error: EACCES, mkdir '/usr/local/lib/node_modules/nib'
56 error  { [Error: EACCES, mkdir '/usr/local/lib/node_modules/nib']
56 error   errno: 3,
56 error   code: 'EACCES',
56 error   path: '/usr/local/lib/node_modules/nib',
56 error   fstream_type: 'Directory',
56 error   fstream_path: '/usr/local/lib/node_modules/nib',
56 error   fstream_class: 'DirWriter',
56 error   fstream_stack:
56 error    [ '/usr/local/lib/node_modules/npm/node_modules/fstream/lib/dir-writer.js:36:23',
56 error      '/usr/local/lib/node_modules/npm/node_modules/mkdirp/index.js:46:53',
56 error      'Object.oncomplete (fs.js:107:15)' ] }
57 error Please try running this command again as root/Administrator.
58 error System Darwin 13.4.0
59 error command "node" "/usr/local/bin/npm" "install" "-g" "nib"
60 error cwd /Users/acg/Desktop/mejorandola/mejorandola-FrontEndProfesional/fundamentosFrontEnd/sfotipy-clases_123/america-clases_1_2_3/stylus
61 error node -v v0.10.33
62 error npm -v 1.4.28
63 error path /usr/local/lib/node_modules/nib
64 error fstream_path /usr/local/lib/node_modules/nib
65 error fstream_type Directory
66 error fstream_class DirWriter
67 error code EACCES
68 error errno 3
69 error stack Error: EACCES, mkdir '/usr/local/lib/node_modules/nib'
70 error fstream_stack /usr/local/lib/node_modules/npm/node_modules/fstream/lib/dir-writer.js:36:23
70 error fstream_stack /usr/local/lib/node_modules/npm/node_modules/mkdirp/index.js:46:53
70 error fstream_stack Object.oncomplete (fs.js:107:15)
71 verbose exit [ 3, true ]
